<?xml version="1.0" encoding="UTF-8"?>
<!-- Generated by org.testng.reporters.JUnitXMLReporter -->
<testsuite ignored="0" hostname="LAPTOP-HN0PDKIO" failures="0" tests="1" name="runBrowser" time="0.025" errors="0" timestamp="2024-11-14T11:14:45 IST">
  <testcase classname="testNG.CrossBrowser" name="@BeforeTest setup" time="-1.731563085771E9">
    <failure type="org.testng.TestNGException" message="
Parameter &amp;apos;browser&amp;apos; is required by BeforeTest on method setup but has not been marked @Optional or defined
in C:\Users\user\eclipse-workspace\SeleniumProject\testngCrossBrowser.xml">
      <![CDATA[org.testng.TestNGException: 
Parameter 'browser' is required by BeforeTest on method setup but has not been marked @Optional or defined
in C:\Users\user\eclipse-workspace\SeleniumProject\testngCrossBrowser.xml
... Removed 21 stack frames]]>
    </failure>
  </testcase> <!-- @BeforeTest setup -->
  <testcase classname="testNG.CrossBrowser" name="runBrowser" time="0.0">
    <skipped/>
  </testcase> <!-- runBrowser -->
</testsuite> <!-- runBrowser -->
